-- Install configuration: ""
-- Execute custom install script
-- Up-to-date symlink: /home/kanja-koduki/coeus_ws/install/my_bot1/share/my_bot1/config/empty.yaml
-- Symlinking: /home/kanja-koduki/coeus_ws/install/my_bot1/share/my_bot1/description/inertial_macros.xacro
-- Up-to-date symlink: /home/kanja-koduki/coeus_ws/install/my_bot1/share/my_bot1/description/robot.urdf.xacro
-- Symlinking: /home/kanja-koduki/coeus_ws/install/my_bot1/share/my_bot1/description/robot_core.xacro
-- Up-to-date symlink: /home/kanja-koduki/coeus_ws/install/my_bot1/share/my_bot1/launch/rsp.launch.py
-- Up-to-date symlink: /home/kanja-koduki/coeus_ws/install/my_bot1/share/my_bot1/worlds/empty.world
-- Up-to-date symlink: /home/kanja-koduki/coeus_ws/install/my_bot1/share/ament_index/resource_index/package_run_dependencies/my_bot1
-- Up-to-date symlink: /home/kanja-koduki/coeus_ws/install/my_bot1/share/ament_index/resource_index/parent_prefix_path/my_bot1
-- Up-to-date symlink: /home/kanja-koduki/coeus_ws/install/my_bot1/share/my_bot1/environment/ament_prefix_path.sh
-- Up-to-date symlink: /home/kanja-koduki/coeus_ws/install/my_bot1/share/my_bot1/environment/ament_prefix_path.dsv
-- Up-to-date symlink: /home/kanja-koduki/coeus_ws/install/my_bot1/share/my_bot1/environment/path.sh
-- Up-to-date symlink: /home/kanja-koduki/coeus_ws/install/my_bot1/share/my_bot1/environment/path.dsv
-- Up-to-date symlink: /home/kanja-koduki/coeus_ws/install/my_bot1/share/my_bot1/local_setup.bash
-- Up-to-date symlink: /home/kanja-koduki/coeus_ws/install/my_bot1/share/my_bot1/local_setup.sh
-- Up-to-date symlink: /home/kanja-koduki/coeus_ws/install/my_bot1/share/my_bot1/local_setup.zsh
-- Up-to-date symlink: /home/kanja-koduki/coeus_ws/install/my_bot1/share/my_bot1/local_setup.dsv
-- Symlinking: /home/kanja-koduki/coeus_ws/install/my_bot1/share/my_bot1/package.dsv
-- Up-to-date symlink: /home/kanja-koduki/coeus_ws/install/my_bot1/share/ament_index/resource_index/packages/my_bot1
-- Up-to-date symlink: /home/kanja-koduki/coeus_ws/install/my_bot1/share/my_bot1/cmake/my_bot1Config.cmake
-- Up-to-date symlink: /home/kanja-koduki/coeus_ws/install/my_bot1/share/my_bot1/cmake/my_bot1Config-version.cmake
-- Up-to-date symlink: /home/kanja-koduki/coeus_ws/install/my_bot1/share/my_bot1/package.xml
