[0.012s] Invoking command in '/home/kanja-koduki/coeus_ws/build/my_bot1': CMAKE_PREFIX_PATH=${CMAKE_PREFIX_PATH}:/opt/ros/foxy /usr/bin/cmake --build /home/kanja-koduki/coeus_ws/build/my_bot1 -- -j8 -l8
[0.041s] Invoked command in '/home/kanja-koduki/coeus_ws/build/my_bot1' returned '0': CMAKE_PREFIX_PATH=${CMAKE_PREFIX_PATH}:/opt/ros/foxy /usr/bin/cmake --build /home/kanja-koduki/coeus_ws/build/my_bot1 -- -j8 -l8
[0.064s] Invoking command in '/home/kanja-koduki/coeus_ws/build/my_bot1': CMAKE_PREFIX_PATH=${CMAKE_PREFIX_PATH}:/opt/ros/foxy /usr/bin/cmake --install /home/kanja-koduki/coeus_ws/build/my_bot1
[0.070s] -- Install configuration: ""
[0.071s] -- Execute custom install script
[0.071s] -- Up-to-date symlink: /home/kanja-koduki/coeus_ws/install/my_bot1/share/my_bot1/config/empty.yaml
[0.071s] -- Symlinking: /home/kanja-koduki/coeus_ws/install/my_bot1/share/my_bot1/description/inertial_macros.xacro
[0.078s] -- Up-to-date symlink: /home/kanja-koduki/coeus_ws/install/my_bot1/share/my_bot1/description/robot.urdf.xacro
[0.078s] -- Symlinking: /home/kanja-koduki/coeus_ws/install/my_bot1/share/my_bot1/description/robot_core.xacro
[0.084s] -- Up-to-date symlink: /home/kanja-koduki/coeus_ws/install/my_bot1/share/my_bot1/launch/rsp.launch.py
[0.084s] -- Up-to-date symlink: /home/kanja-koduki/coeus_ws/install/my_bot1/share/my_bot1/worlds/empty.world
[0.084s] -- Up-to-date symlink: /home/kanja-koduki/coeus_ws/install/my_bot1/share/ament_index/resource_index/package_run_dependencies/my_bot1
[0.084s] -- Up-to-date symlink: /home/kanja-koduki/coeus_ws/install/my_bot1/share/ament_index/resource_index/parent_prefix_path/my_bot1
[0.085s] -- Up-to-date symlink: /home/kanja-koduki/coeus_ws/install/my_bot1/share/my_bot1/environment/ament_prefix_path.sh
[0.085s] -- Up-to-date symlink: /home/kanja-koduki/coeus_ws/install/my_bot1/share/my_bot1/environment/ament_prefix_path.dsv
[0.085s] -- Up-to-date symlink: /home/kanja-koduki/coeus_ws/install/my_bot1/share/my_bot1/environment/path.sh
[0.085s] -- Up-to-date symlink: /home/kanja-koduki/coeus_ws/install/my_bot1/share/my_bot1/environment/path.dsv
[0.085s] -- Up-to-date symlink: /home/kanja-koduki/coeus_ws/install/my_bot1/share/my_bot1/local_setup.bash
[0.086s] -- Up-to-date symlink: /home/kanja-koduki/coeus_ws/install/my_bot1/share/my_bot1/local_setup.sh
[0.086s] -- Up-to-date symlink: /home/kanja-koduki/coeus_ws/install/my_bot1/share/my_bot1/local_setup.zsh
[0.086s] -- Up-to-date symlink: /home/kanja-koduki/coeus_ws/install/my_bot1/share/my_bot1/local_setup.dsv
[0.086s] -- Symlinking: /home/kanja-koduki/coeus_ws/install/my_bot1/share/my_bot1/package.dsv
[0.093s] -- Up-to-date symlink: /home/kanja-koduki/coeus_ws/install/my_bot1/share/ament_index/resource_index/packages/my_bot1
[0.093s] -- Up-to-date symlink: /home/kanja-koduki/coeus_ws/install/my_bot1/share/my_bot1/cmake/my_bot1Config.cmake
[0.094s] -- Up-to-date symlink: /home/kanja-koduki/coeus_ws/install/my_bot1/share/my_bot1/cmake/my_bot1Config-version.cmake
[0.094s] -- Up-to-date symlink: /home/kanja-koduki/coeus_ws/install/my_bot1/share/my_bot1/package.xml
[0.096s] Invoked command in '/home/kanja-koduki/coeus_ws/build/my_bot1' returned '0': CMAKE_PREFIX_PATH=${CMAKE_PREFIX_PATH}:/opt/ros/foxy /usr/bin/cmake --install /home/kanja-koduki/coeus_ws/build/my_bot1
