-- Install configuration: ""
-- Execute custom install script
-- Symlinking: /home/kanja-koduki/coeus_ws/install/my_bot1/share/my_bot1/config/drive.rviz
-- Up-to-date symlink: /home/kanja-koduki/coeus_ws/install/my_bot1/share/my_bot1/config/empty.yaml
-- Symlinking: /home/kanja-koduki/coeus_ws/install/my_bot1/share/my_bot1/description/.git/COMMIT_EDITMSG
-- Symlinking: /home/kanja-koduki/coeus_ws/install/my_bot1/share/my_bot1/description/.git/HEAD
-- Symlinking: /home/kanja-koduki/coeus_ws/install/my_bot1/share/my_bot1/description/.git/config
-- Symlinking: /home/kanja-koduki/coeus_ws/install/my_bot1/share/my_bot1/description/.git/description
-- Symlinking: /home/kanja-koduki/coeus_ws/install/my_bot1/share/my_bot1/description/.git/hooks/applypatch-msg.sample
-- Symlinking: /home/kanja-koduki/coeus_ws/install/my_bot1/share/my_bot1/description/.git/hooks/commit-msg.sample
-- Symlinking: /home/kanja-koduki/coeus_ws/install/my_bot1/share/my_bot1/description/.git/hooks/fsmonitor-watchman.sample
-- Symlinking: /home/kanja-koduki/coeus_ws/install/my_bot1/share/my_bot1/description/.git/hooks/post-update.sample
-- Symlinking: /home/kanja-koduki/coeus_ws/install/my_bot1/share/my_bot1/description/.git/hooks/pre-applypatch.sample
-- Symlinking: /home/kanja-koduki/coeus_ws/install/my_bot1/share/my_bot1/description/.git/hooks/pre-commit.sample
-- Symlinking: /home/kanja-koduki/coeus_ws/install/my_bot1/share/my_bot1/description/.git/hooks/pre-merge-commit.sample
-- Symlinking: /home/kanja-koduki/coeus_ws/install/my_bot1/share/my_bot1/description/.git/hooks/pre-push.sample
-- Symlinking: /home/kanja-koduki/coeus_ws/install/my_bot1/share/my_bot1/description/.git/hooks/pre-rebase.sample
-- Symlinking: /home/kanja-koduki/coeus_ws/install/my_bot1/share/my_bot1/description/.git/hooks/pre-receive.sample
-- Symlinking: /home/kanja-koduki/coeus_ws/install/my_bot1/share/my_bot1/description/.git/hooks/prepare-commit-msg.sample
-- Symlinking: /home/kanja-koduki/coeus_ws/install/my_bot1/share/my_bot1/description/.git/hooks/update.sample
-- Symlinking: /home/kanja-koduki/coeus_ws/install/my_bot1/share/my_bot1/description/.git/index
-- Symlinking: /home/kanja-koduki/coeus_ws/install/my_bot1/share/my_bot1/description/.git/info/exclude
-- Symlinking: /home/kanja-koduki/coeus_ws/install/my_bot1/share/my_bot1/description/.git/logs/HEAD
-- Symlinking: /home/kanja-koduki/coeus_ws/install/my_bot1/share/my_bot1/description/.git/logs/refs/heads/master
-- Symlinking: /home/kanja-koduki/coeus_ws/install/my_bot1/share/my_bot1/description/.git/objects/03/1aca25174d211d6b7a78aca03e2a42d1927edf
-- Symlinking: /home/kanja-koduki/coeus_ws/install/my_bot1/share/my_bot1/description/.git/objects/5c/f1cac4291b1f3b9cb90d207e75efd8451de467
-- Symlinking: /home/kanja-koduki/coeus_ws/install/my_bot1/share/my_bot1/description/.git/objects/88/8a1d737795b75b33d3e14acd2883a8d72e928f
-- Symlinking: /home/kanja-koduki/coeus_ws/install/my_bot1/share/my_bot1/description/.git/objects/b0/5287e5211c5f3f3450fe631ddbd5a5be8781ac
-- Symlinking: /home/kanja-koduki/coeus_ws/install/my_bot1/share/my_bot1/description/.git/objects/d6/c69ec755b914136565cc76cd7220fa16feee3b
-- Symlinking: /home/kanja-koduki/coeus_ws/install/my_bot1/share/my_bot1/description/.git/objects/dc/add452a97578724d479fa59510c5adbda1ccec
-- Symlinking: /home/kanja-koduki/coeus_ws/install/my_bot1/share/my_bot1/description/.git/refs/heads/master
-- Up-to-date symlink: /home/kanja-koduki/coeus_ws/install/my_bot1/share/my_bot1/description/gazebo_control.xacro
-- Up-to-date symlink: /home/kanja-koduki/coeus_ws/install/my_bot1/share/my_bot1/description/inertial_macros.xacro
-- Symlinking: /home/kanja-koduki/coeus_ws/install/my_bot1/share/my_bot1/description/lidar.xacro
-- Up-to-date symlink: /home/kanja-koduki/coeus_ws/install/my_bot1/share/my_bot1/description/robot.urdf.xacro
-- Up-to-date symlink: /home/kanja-koduki/coeus_ws/install/my_bot1/share/my_bot1/description/robot_core.xacro
-- Up-to-date symlink: /home/kanja-koduki/coeus_ws/install/my_bot1/share/my_bot1/launch/launch_sim.launch.py
-- Up-to-date symlink: /home/kanja-koduki/coeus_ws/install/my_bot1/share/my_bot1/launch/rsp.launch.py
-- Up-to-date symlink: /home/kanja-koduki/coeus_ws/install/my_bot1/share/my_bot1/worlds/empty.world
-- Symlinking: /home/kanja-koduki/coeus_ws/install/my_bot1/share/my_bot1/worlds/obstacles.world
-- Up-to-date symlink: /home/kanja-koduki/coeus_ws/install/my_bot1/share/ament_index/resource_index/package_run_dependencies/my_bot1
-- Up-to-date symlink: /home/kanja-koduki/coeus_ws/install/my_bot1/share/ament_index/resource_index/parent_prefix_path/my_bot1
-- Up-to-date symlink: /home/kanja-koduki/coeus_ws/install/my_bot1/share/my_bot1/environment/ament_prefix_path.sh
-- Up-to-date symlink: /home/kanja-koduki/coeus_ws/install/my_bot1/share/my_bot1/environment/ament_prefix_path.dsv
-- Up-to-date symlink: /home/kanja-koduki/coeus_ws/install/my_bot1/share/my_bot1/environment/path.sh
-- Up-to-date symlink: /home/kanja-koduki/coeus_ws/install/my_bot1/share/my_bot1/environment/path.dsv
-- Up-to-date symlink: /home/kanja-koduki/coeus_ws/install/my_bot1/share/my_bot1/local_setup.bash
-- Up-to-date symlink: /home/kanja-koduki/coeus_ws/install/my_bot1/share/my_bot1/local_setup.sh
-- Up-to-date symlink: /home/kanja-koduki/coeus_ws/install/my_bot1/share/my_bot1/local_setup.zsh
-- Up-to-date symlink: /home/kanja-koduki/coeus_ws/install/my_bot1/share/my_bot1/local_setup.dsv
-- Symlinking: /home/kanja-koduki/coeus_ws/install/my_bot1/share/my_bot1/package.dsv
-- Up-to-date symlink: /home/kanja-koduki/coeus_ws/install/my_bot1/share/ament_index/resource_index/packages/my_bot1
-- Up-to-date symlink: /home/kanja-koduki/coeus_ws/install/my_bot1/share/my_bot1/cmake/my_bot1Config.cmake
-- Up-to-date symlink: /home/kanja-koduki/coeus_ws/install/my_bot1/share/my_bot1/cmake/my_bot1Config-version.cmake
-- Up-to-date symlink: /home/kanja-koduki/coeus_ws/install/my_bot1/share/my_bot1/package.xml
