[0.011s] Invoking command in '/home/kanja-koduki/coeus_ws/build/my_bot1': CMAKE_PREFIX_PATH=/opt/ros/foxy /usr/bin/cmake --build /home/kanja-koduki/coeus_ws/build/my_bot1 -- -j8 -l8
[0.038s] Invoked command in '/home/kanja-koduki/coeus_ws/build/my_bot1' returned '0': CMAKE_PREFIX_PATH=/opt/ros/foxy /usr/bin/cmake --build /home/kanja-koduki/coeus_ws/build/my_bot1 -- -j8 -l8
[0.062s] Invoking command in '/home/kanja-koduki/coeus_ws/build/my_bot1': CMAKE_PREFIX_PATH=/opt/ros/foxy /usr/bin/cmake --install /home/kanja-koduki/coeus_ws/build/my_bot1
[0.067s] -- Install configuration: ""
[0.067s] -- Execute custom install script
[0.068s] -- Symlinking: /home/kanja-koduki/coeus_ws/install/my_bot1/share/my_bot1/config/drive.rviz
[0.074s] -- Up-to-date symlink: /home/kanja-koduki/coeus_ws/install/my_bot1/share/my_bot1/config/empty.yaml
[0.074s] -- Symlinking: /home/kanja-koduki/coeus_ws/install/my_bot1/share/my_bot1/description/.git/COMMIT_EDITMSG
[0.080s] -- Symlinking: /home/kanja-koduki/coeus_ws/install/my_bot1/share/my_bot1/description/.git/HEAD
[0.086s] -- Symlinking: /home/kanja-koduki/coeus_ws/install/my_bot1/share/my_bot1/description/.git/config
[0.092s] -- Symlinking: /home/kanja-koduki/coeus_ws/install/my_bot1/share/my_bot1/description/.git/description
[0.097s] -- Symlinking: /home/kanja-koduki/coeus_ws/install/my_bot1/share/my_bot1/description/.git/hooks/applypatch-msg.sample
[0.103s] -- Symlinking: /home/kanja-koduki/coeus_ws/install/my_bot1/share/my_bot1/description/.git/hooks/commit-msg.sample
[0.111s] -- Symlinking: /home/kanja-koduki/coeus_ws/install/my_bot1/share/my_bot1/description/.git/hooks/fsmonitor-watchman.sample
[0.118s] -- Symlinking: /home/kanja-koduki/coeus_ws/install/my_bot1/share/my_bot1/description/.git/hooks/post-update.sample
[0.124s] -- Symlinking: /home/kanja-koduki/coeus_ws/install/my_bot1/share/my_bot1/description/.git/hooks/pre-applypatch.sample
[0.130s] -- Symlinking: /home/kanja-koduki/coeus_ws/install/my_bot1/share/my_bot1/description/.git/hooks/pre-commit.sample
[0.136s] -- Symlinking: /home/kanja-koduki/coeus_ws/install/my_bot1/share/my_bot1/description/.git/hooks/pre-merge-commit.sample
[0.141s] -- Symlinking: /home/kanja-koduki/coeus_ws/install/my_bot1/share/my_bot1/description/.git/hooks/pre-push.sample
[0.147s] -- Symlinking: /home/kanja-koduki/coeus_ws/install/my_bot1/share/my_bot1/description/.git/hooks/pre-rebase.sample
[0.153s] -- Symlinking: /home/kanja-koduki/coeus_ws/install/my_bot1/share/my_bot1/description/.git/hooks/pre-receive.sample
[0.159s] -- Symlinking: /home/kanja-koduki/coeus_ws/install/my_bot1/share/my_bot1/description/.git/hooks/prepare-commit-msg.sample
[0.164s] -- Symlinking: /home/kanja-koduki/coeus_ws/install/my_bot1/share/my_bot1/description/.git/hooks/update.sample
[0.170s] -- Symlinking: /home/kanja-koduki/coeus_ws/install/my_bot1/share/my_bot1/description/.git/index
[0.176s] -- Symlinking: /home/kanja-koduki/coeus_ws/install/my_bot1/share/my_bot1/description/.git/info/exclude
[0.181s] -- Symlinking: /home/kanja-koduki/coeus_ws/install/my_bot1/share/my_bot1/description/.git/logs/HEAD
[0.187s] -- Symlinking: /home/kanja-koduki/coeus_ws/install/my_bot1/share/my_bot1/description/.git/logs/refs/heads/master
[0.192s] -- Symlinking: /home/kanja-koduki/coeus_ws/install/my_bot1/share/my_bot1/description/.git/objects/03/1aca25174d211d6b7a78aca03e2a42d1927edf
[0.198s] -- Symlinking: /home/kanja-koduki/coeus_ws/install/my_bot1/share/my_bot1/description/.git/objects/5c/f1cac4291b1f3b9cb90d207e75efd8451de467
[0.204s] -- Symlinking: /home/kanja-koduki/coeus_ws/install/my_bot1/share/my_bot1/description/.git/objects/88/8a1d737795b75b33d3e14acd2883a8d72e928f
[0.210s] -- Symlinking: /home/kanja-koduki/coeus_ws/install/my_bot1/share/my_bot1/description/.git/objects/b0/5287e5211c5f3f3450fe631ddbd5a5be8781ac
[0.216s] -- Symlinking: /home/kanja-koduki/coeus_ws/install/my_bot1/share/my_bot1/description/.git/objects/d6/c69ec755b914136565cc76cd7220fa16feee3b
[0.221s] -- Symlinking: /home/kanja-koduki/coeus_ws/install/my_bot1/share/my_bot1/description/.git/objects/dc/add452a97578724d479fa59510c5adbda1ccec
[0.227s] -- Symlinking: /home/kanja-koduki/coeus_ws/install/my_bot1/share/my_bot1/description/.git/refs/heads/master
[0.233s] -- Up-to-date symlink: /home/kanja-koduki/coeus_ws/install/my_bot1/share/my_bot1/description/gazebo_control.xacro
[0.233s] -- Up-to-date symlink: /home/kanja-koduki/coeus_ws/install/my_bot1/share/my_bot1/description/inertial_macros.xacro
[0.233s] -- Symlinking: /home/kanja-koduki/coeus_ws/install/my_bot1/share/my_bot1/description/lidar.xacro
[0.240s] -- Up-to-date symlink: /home/kanja-koduki/coeus_ws/install/my_bot1/share/my_bot1/description/robot.urdf.xacro
[0.240s] -- Up-to-date symlink: /home/kanja-koduki/coeus_ws/install/my_bot1/share/my_bot1/description/robot_core.xacro
[0.240s] -- Up-to-date symlink: /home/kanja-koduki/coeus_ws/install/my_bot1/share/my_bot1/launch/launch_sim.launch.py
[0.240s] -- Up-to-date symlink: /home/kanja-koduki/coeus_ws/install/my_bot1/share/my_bot1/launch/rsp.launch.py
[0.241s] -- Up-to-date symlink: /home/kanja-koduki/coeus_ws/install/my_bot1/share/my_bot1/worlds/empty.world
[0.241s] -- Symlinking: /home/kanja-koduki/coeus_ws/install/my_bot1/share/my_bot1/worlds/obstacles.world
[0.247s] -- Up-to-date symlink: /home/kanja-koduki/coeus_ws/install/my_bot1/share/ament_index/resource_index/package_run_dependencies/my_bot1
[0.247s] -- Up-to-date symlink: /home/kanja-koduki/coeus_ws/install/my_bot1/share/ament_index/resource_index/parent_prefix_path/my_bot1
[0.247s] -- Up-to-date symlink: /home/kanja-koduki/coeus_ws/install/my_bot1/share/my_bot1/environment/ament_prefix_path.sh
[0.247s] -- Up-to-date symlink: /home/kanja-koduki/coeus_ws/install/my_bot1/share/my_bot1/environment/ament_prefix_path.dsv
[0.248s] -- Up-to-date symlink: /home/kanja-koduki/coeus_ws/install/my_bot1/share/my_bot1/environment/path.sh
[0.248s] -- Up-to-date symlink: /home/kanja-koduki/coeus_ws/install/my_bot1/share/my_bot1/environment/path.dsv
[0.248s] -- Up-to-date symlink: /home/kanja-koduki/coeus_ws/install/my_bot1/share/my_bot1/local_setup.bash
[0.248s] -- Up-to-date symlink: /home/kanja-koduki/coeus_ws/install/my_bot1/share/my_bot1/local_setup.sh
[0.248s] -- Up-to-date symlink: /home/kanja-koduki/coeus_ws/install/my_bot1/share/my_bot1/local_setup.zsh
[0.249s] -- Up-to-date symlink: /home/kanja-koduki/coeus_ws/install/my_bot1/share/my_bot1/local_setup.dsv
[0.249s] -- Symlinking: /home/kanja-koduki/coeus_ws/install/my_bot1/share/my_bot1/package.dsv
[0.255s] -- Up-to-date symlink: /home/kanja-koduki/coeus_ws/install/my_bot1/share/ament_index/resource_index/packages/my_bot1
[0.255s] -- Up-to-date symlink: /home/kanja-koduki/coeus_ws/install/my_bot1/share/my_bot1/cmake/my_bot1Config.cmake
[0.255s] -- Up-to-date symlink: /home/kanja-koduki/coeus_ws/install/my_bot1/share/my_bot1/cmake/my_bot1Config-version.cmake
[0.256s] -- Up-to-date symlink: /home/kanja-koduki/coeus_ws/install/my_bot1/share/my_bot1/package.xml
[0.259s] Invoked command in '/home/kanja-koduki/coeus_ws/build/my_bot1' returned '0': CMAKE_PREFIX_PATH=/opt/ros/foxy /usr/bin/cmake --install /home/kanja-koduki/coeus_ws/build/my_bot1
